Jan-25 13:42:33.097 [main] DEBUG nextflow.cli.Launcher - Setting HTTP proxy: [proxy.mh-hannover.de, 8080]
Jan-25 13:42:33.154 [main] DEBUG nextflow.cli.Launcher - Setting HTTPS proxy: [proxy.mh-hannover.de, 8080]
Jan-25 13:42:33.154 [main] DEBUG nextflow.cli.Launcher - Setting http proxy: [proxy.mh-hannover.de, 8080]
Jan-25 13:42:33.155 [main] DEBUG nextflow.cli.Launcher - Setting https proxy: [proxy.mh-hannover.de, 8080]
Jan-25 13:42:33.155 [main] DEBUG nextflow.cli.Launcher - $> nextflow main.nf
Jan-25 13:42:33.263 [main] INFO  nextflow.cli.CmdRun - N E X T F L O W  ~  version 21.04.3
Jan-25 13:42:33.297 [main] INFO  nextflow.cli.CmdRun - Launching `main.nf` [thirsty_wright] - revision: 61febf144f
Jan-25 13:42:33.460 [main] DEBUG nextflow.plugin.PluginsFacade - Setting up plugin manager > mode=prod; plugins-dir=/home/rcug/.nextflow/plugins
Jan-25 13:42:33.461 [main] DEBUG nextflow.plugin.PluginsFacade - Plugins default=[]
Jan-25 13:42:33.464 [main] DEBUG nextflow.plugin.PluginsFacade - Plugins local root: .nextflow/plr/empty
Jan-25 13:42:33.475 [main] INFO  org.pf4j.DefaultPluginStatusProvider - Enabled plugins: []
Jan-25 13:42:33.477 [main] INFO  org.pf4j.DefaultPluginStatusProvider - Disabled plugins: []
Jan-25 13:42:33.482 [main] INFO  org.pf4j.DefaultPluginManager - PF4J version 3.4.1 in 'deployment' mode
Jan-25 13:42:33.498 [main] INFO  org.pf4j.AbstractPluginManager - No plugins
Jan-25 13:42:33.559 [main] DEBUG nextflow.Session - Session uuid: 015f5044-2d34-42d2-884a-d8c329186cfe
Jan-25 13:42:33.559 [main] DEBUG nextflow.Session - Run name: thirsty_wright
Jan-25 13:42:33.561 [main] DEBUG nextflow.Session - Executor pool size: 56
Jan-25 13:42:33.596 [main] DEBUG nextflow.cli.CmdRun - 
  Version: 21.04.3 build 5560
  Created: 21-07-2021 15:09 UTC (17:09 CEST)
  System: Linux 5.4.0-91-generic
  Runtime: Groovy 3.0.7 on Java HotSpot(TM) 64-Bit Server VM 10.0.1+10
  Encoding: UTF-8 (UTF-8)
  Process: 2828770@hpc-rc04 [127.0.1.1]
  CPUs: 56 - Mem: 503.6 GB (4.4 GB) - Swap: 3.7 GB (3.6 GB)
Jan-25 13:42:33.634 [main] DEBUG nextflow.Session - Work-dir: /mnt/ngsnfs/tools/dev/nf_reporter/work [nfs]
Jan-25 13:42:33.634 [main] DEBUG nextflow.Session - Script base path does not exist or is not a directory: /mnt/ngsnfs/tools/dev/nf_reporter/bin
Jan-25 13:42:33.649 [main] DEBUG nextflow.executor.ExecutorFactory - Extension executors providers=[]
Jan-25 13:42:33.662 [main] DEBUG nextflow.Session - Observer factory: DefaultObserverFactory
Jan-25 13:42:33.864 [main] DEBUG nextflow.Session - Session start invoked
Jan-25 13:42:34.750 [main] DEBUG nextflow.script.ScriptRunner - > Launching execution
Jan-25 13:42:34.793 [main] DEBUG nextflow.Session - Workflow process names [dsl2]: split_ids
Jan-25 13:42:34.894 [main] DEBUG nextflow.executor.ExecutorFactory - << taskConfig executor: null
Jan-25 13:42:34.894 [main] DEBUG nextflow.executor.ExecutorFactory - >> processorType: 'local'
Jan-25 13:42:34.900 [main] DEBUG nextflow.executor.Executor - [warm up] executor > local
Jan-25 13:42:34.907 [main] DEBUG n.processor.LocalPollingMonitor - Creating local task monitor for executor 'local' > cpus=56; memory=503.6 GB; capacity=56; pollInterval=100ms; dumpInterval=5m
Jan-25 13:42:35.024 [main] DEBUG nextflow.Session - Ignite dataflow network (3)
Jan-25 13:42:35.030 [main] DEBUG nextflow.processor.TaskProcessor - Starting process > split_ids
Jan-25 13:42:35.031 [main] DEBUG nextflow.script.ScriptRunner - > Await termination 
Jan-25 13:42:35.031 [main] DEBUG nextflow.Session - Session await
Jan-25 13:42:35.037 [PathVisitor-1] DEBUG nextflow.file.PathVisitor - files for syntax: glob; folder: raspir/; pattern: *.csv; options: [:]
Jan-25 13:42:35.374 [Task submitter] DEBUG nextflow.executor.LocalTaskHandler - Launch cmd line: /bin/bash -ue .command.run
Jan-25 13:42:35.384 [Task submitter] INFO  nextflow.Session - [f7/c6eeeb] Submitted process > split_ids (2)
Jan-25 13:42:35.407 [Task submitter] DEBUG nextflow.executor.LocalTaskHandler - Launch cmd line: /bin/bash -ue .command.run
Jan-25 13:42:35.407 [Task submitter] INFO  nextflow.Session - [21/5077e9] Submitted process > split_ids (5)
Jan-25 13:42:35.445 [Task submitter] DEBUG nextflow.executor.LocalTaskHandler - Launch cmd line: /bin/bash -ue .command.run
Jan-25 13:42:35.446 [Task submitter] INFO  nextflow.Session - [29/e6b16d] Submitted process > split_ids (4)
Jan-25 13:42:35.476 [Task submitter] DEBUG nextflow.executor.LocalTaskHandler - Launch cmd line: /bin/bash -ue .command.run
Jan-25 13:42:35.477 [Task submitter] INFO  nextflow.Session - [73/3e2468] Submitted process > split_ids (1)
Jan-25 13:42:35.496 [Task submitter] DEBUG nextflow.executor.LocalTaskHandler - Launch cmd line: /bin/bash -ue .command.run
Jan-25 13:42:35.496 [Task submitter] INFO  nextflow.Session - [5f/e7f451] Submitted process > split_ids (3)
Jan-25 13:42:35.526 [Task monitor] DEBUG n.processor.TaskPollingMonitor - Task completed > TaskHandler[id: 2; name: split_ids (2); status: COMPLETED; exit: 0; error: -; workDir: /mnt/ngsnfs/tools/dev/nf_reporter/work/f7/c6eeeb4099cabc5615ee91bf70f07a]
Jan-25 13:42:35.546 [Task monitor] DEBUG n.processor.TaskPollingMonitor - Task completed > TaskHandler[id: 5; name: split_ids (5); status: COMPLETED; exit: 0; error: -; workDir: /mnt/ngsnfs/tools/dev/nf_reporter/work/21/5077e9bb6b53824cd70299c6eea04f]
Jan-25 13:42:35.552 [Task monitor] DEBUG n.processor.TaskPollingMonitor - Task completed > TaskHandler[id: 4; name: split_ids (4); status: COMPLETED; exit: 0; error: -; workDir: /mnt/ngsnfs/tools/dev/nf_reporter/work/29/e6b16d7e22ae330f82b2857c01e103]
Jan-25 13:42:35.557 [Task monitor] DEBUG n.processor.TaskPollingMonitor - Task completed > TaskHandler[id: 1; name: split_ids (1); status: COMPLETED; exit: 0; error: -; workDir: /mnt/ngsnfs/tools/dev/nf_reporter/work/73/3e2468e244c1845f5aede8a1b7afee]
Jan-25 13:42:35.564 [Task monitor] DEBUG n.processor.TaskPollingMonitor - Task completed > TaskHandler[id: 3; name: split_ids (3); status: COMPLETED; exit: 0; error: -; workDir: /mnt/ngsnfs/tools/dev/nf_reporter/work/5f/e7f45143ef50497c6619c687815fe3]
Jan-25 13:42:35.568 [main] DEBUG nextflow.Session - Session await > all process finished
Jan-25 13:42:35.623 [main] DEBUG nextflow.Session - Session await > all barriers passed
Jan-25 13:42:35.635 [main] DEBUG nextflow.trace.WorkflowStatsObserver - Workflow completed > WorkflowStats[succeededCount=5; failedCount=0; ignoredCount=0; cachedCount=0; pendingCount=0; submittedCount=0; runningCount=0; retriesCount=0; abortedCount=0; succeedDuration=184ms; failedDuration=0ms; cachedDuration=0ms;loadCpus=0; loadMemory=0; peakRunning=2; peakCpus=2; peakMemory=0; ]
Jan-25 13:42:35.645 [main] DEBUG nextflow.CacheDB - Closing CacheDB done
Jan-25 13:42:35.664 [main] DEBUG nextflow.script.ScriptRunner - > Execution complete -- Goodbye
